C51 COMPILER V9.52.0.0   I2C                                                               05/17/2017 21:50:28 PAGE 1   


C51 COMPILER V9.52.0.0, COMPILATION OF MODULE I2C
OBJECT MODULE PLACED IN i2c.OBJ
COMPILER INVOKED BY: D:\Keil\C51\BIN\C51.EXE i2c.c LARGE BROWSE INCDIR(..\Wind Swing) DEBUG OBJECTEXTEND TABS(2)

line level    source

   1          #include "STC15Fxxxx.h"
   2          #include "i2c.h"
   3          
   4          void delayus()
   5          {;;}
   6          void i2c_init()
   7          {
   8   1        P0M0&=0XFC;
   9   1        P0M1&=0XFC;
  10   1        sda=1;
  11   1        scl=1;
  12   1      }
  13          void i2c_start()
  14          {
  15   1        scl=0;
  16   1        sda=1;
  17   1        scl=1;
  18   1        delayus();
  19   1        sda=0;
  20   1        delayus();
  21   1        scl=0;
  22   1      }
  23          void i2c_stop()
  24          {
  25   1        sda=0;
  26   1        scl=1;
  27   1        delayus();
  28   1        sda=1;
  29   1        delayus();
  30   1        scl=0;
  31   1      }
  32          void i2c_response()
  33          {
  34   1        unsigned char i;
  35   1        scl=1;
  36   1        while(sda==1&&i<255)i++;
  37   1        scl=0;
  38   1      }
  39          void i2c_write(unsigned char dat)
  40          {
  41   1        unsigned char i,temp;
  42   1        temp=dat;
  43   1        for (i=8;i>0;i--)
  44   1        {
  45   2          temp<<=1;
  46   2          sda=CY;
  47   2          scl=1;
  48   2          delayus();
  49   2          scl=0;
  50   2        }
  51   1        sda=1;
  52   1      }
  53          unsigned char i2c_read()
  54          {
  55   1        unsigned char i,byte;
C51 COMPILER V9.52.0.0   I2C                                                               05/17/2017 21:50:28 PAGE 2   

  56   1        for (i=8;i>0;i--)
  57   1        {
  58   2          scl=1;
  59   2          delayus();
  60   2          byte=byte<<1|sda;
  61   2          scl=0;
  62   2        }
  63   1        sda=1;
  64   1        return byte;
  65   1      }
  66          void i2c_writeadd(unsigned char dvadd,unsigned char wdadd,unsigned char dat)  //dvadd:Device Adress wdadd:W
             -ord Address
  67          {
  68   1        i2c_start();
  69   1        i2c_write(dvadd);
  70   1        i2c_response();
  71   1        i2c_write(wdadd);
  72   1        i2c_response();
  73   1        i2c_write(dat);
  74   1        i2c_response();
  75   1        i2c_stop();
  76   1      }
  77          unsigned char i2c_readadd(unsigned char dvadd,unsigned char wdadd)
  78          {
  79   1        unsigned char dat;
  80   1        i2c_start();
  81   1        i2c_write(dvadd);
  82   1        i2c_response();
  83   1        i2c_write(wdadd);
  84   1        i2c_response();   //以上为写入读取数据的指针
  85   1        i2c_start();
  86   1        i2c_write(dvadd+1);
  87   1        i2c_response();
  88   1        dat=i2c_read();
  89   1        i2c_stop();
  90   1        return dat;
  91   1      }


MODULE INFORMATION:   STATIC OVERLAYABLE
   CODE SIZE        =    170    ----
   CONSTANT SIZE    =   ----    ----
   XDATA SIZE       =   ----       1
   PDATA SIZE       =   ----    ----
   DATA SIZE        =   ----    ----
   IDATA SIZE       =   ----    ----
   BIT SIZE         =   ----    ----
END OF MODULE INFORMATION.


C51 COMPILATION COMPLETE.  0 WARNING(S),  0 ERROR(S)
