C51 COMPILER V9.52.0.0   MATHMOD                                                           05/17/2017 21:50:30 PAGE 1   


C51 COMPILER V9.52.0.0, COMPILATION OF MODULE MATHMOD
OBJECT MODULE PLACED IN mathmod.OBJ
COMPILER INVOKED BY: D:\Keil\C51\BIN\C51.EXE mathmod.c LARGE BROWSE INCDIR(..\Wind Swing) DEBUG OBJECTEXTEND TABS(2)

line level    source

   1          #include <stdio.h>
   2          #include <math.h>
   3          #include "mathmod.h"
   4          #include "timer0.h"
   5          
   6          //extern float thita_x;
   7          //extern float thita_y;
   8          
   9          void mathmod_initstruct(mathmod_structdef *mathmod_structure)
  10          {
  11   1        mathmod_structure->sumtime=0;
  12   1        mathmod_structure->angle_x=0;
  13   1        mathmod_structure->angle_y=0;
  14   1      }
  15          
  16          void mathmod_getSTILL(mathmod_structdef *mathmod_structure,bluetooth_structdef *bluetooth_structure)
  17          {
  18   1        mathmod_structure->sumtime+=dt;
  19   1        mathmod_structure->angle_x=bluetooth_structure->angle_x;
  20   1        mathmod_structure->angle_y=bluetooth_structure->angle_y;
  21   1      }
  22          
  23          void mathmod_getSHM(mathmod_structdef *mathmod_structure,bluetooth_structdef *bluetooth_structure)
  24          {
  25   1        mathmod_structure->sumtime+=dt;
  26   1        mathmod_structure->angle_x=bluetooth_structure->angle_x*sin(4.0428*mathmod_structure->sumtime);
  27   1        //sqrt(g/l)=4.0428
  28   1        mathmod_structure->angle_y=bluetooth_structure->angle_y*sin(4.0428*mathmod_structure->sumtime);
  29   1      }
  30          
  31          void mathmod_getUCM(mathmod_structdef *mathmod_structure,bluetooth_structdef *bluetooth_structure)              /
             -/uniform circular motion
  32          {
  33   1        mathmod_structure->sumtime+=dt;
  34   1        mathmod_structure->angle_x=bluetooth_structure->angle_x*sin(4.0428*mathmod_structure->sumtime);
  35   1        mathmod_structure->angle_y=bluetooth_structure->angle_x*cos(4.0428*mathmod_structure->sumtime);   // phase
             - = pi/2 逆时针旋转
  36   1      //  mathmod_structure->thitax=10*sin(4.0428*mathmod_structure->sumtime+4.7124);   // phase = 3*pi/2 顺时针旋
             -转
  37   1      }


MODULE INFORMATION:   STATIC OVERLAYABLE
   CODE SIZE        =    487    ----
   CONSTANT SIZE    =   ----    ----
   XDATA SIZE       =   ----      18
   PDATA SIZE       =   ----    ----
   DATA SIZE        =   ----    ----
   IDATA SIZE       =   ----    ----
   BIT SIZE         =   ----    ----
END OF MODULE INFORMATION.


C51 COMPILATION COMPLETE.  0 WARNING(S),  0 ERROR(S)
