C51 COMPILER V9.52.0.0   PWM                                                               05/17/2017 21:50:29 PAGE 1   


C51 COMPILER V9.52.0.0, COMPILATION OF MODULE PWM
OBJECT MODULE PLACED IN pwm.OBJ
COMPILER INVOKED BY: D:\Keil\C51\BIN\C51.EXE pwm.c LARGE BROWSE INCDIR(..\Wind Swing) DEBUG OBJECTEXTEND TABS(2)

line level    source

   1          #include "STC15Fxxxx.h"
   2          #include "pid.h"
   3          #include "pwm.h"
   4          
   5          void pwm_gpio_config()
   6          {
   7   1        //P2.1/P2.2/P2.3 配置为推挽输出
   8   1        P2M0&=0xf1;
   9   1        P2M0|=0x0e;
  10   1        P2M1&=0xf1;
  11   1        P2M1|=0x00;
  12   1        //P3.7 配置为推挽输出
  13   1        P3M0&=0x7f;
  14   1        P3M0|=0x80;
  15   1        P3M1&=0x7f;
  16   1        P3M1|=0x00;
  17   1      }
  18          
  19          void pwm_init()
  20          {
  21   1        pwm_gpio_config();
  22   1        
  23   1        P_SW2|=0x80;//使能访问XSFR
  24   1        PWMCFG=0x00;//配置PWM2345初始电平为低电平
  25   1        PWMCKS=0x00;//PWM时钟为系统时钟
  26   1        
  27   1        PWMC=12000L;//PWM周期 12000
  28   1        //初始翻转(0%占空比)
  29   1        PWM5T1=0x0000;
  30   1        PWM5T2=0x0001;
  31   1        PWM4T1=0x0000;
  32   1        PWM4T2=0x0001;
  33   1        PWM3T1=0x0000;
  34   1        PWM3T2=0x0001;
  35   1        PWM2T1=0x0000;
  36   1        PWM2T2=0x0001;
  37   1        
  38   1        PWM2CR=0x00;//PWM2输出到P3.7,不使能中断
  39   1        PWM3CR=0x00;//PWM3输出到P2.1,不使能中断
  40   1        PWM4CR=0x00;//PWM4输出到P2.2,不使能中断
  41   1        PWM5CR=0x00;//PWM5输出到P2.3,不使能中断
  42   1        
  43   1        PWMCR=0x0f;//使能PWM2345通道
  44   1        PWMCR|=0x80;//使能PWM发生器
  45   1      }


MODULE INFORMATION:   STATIC OVERLAYABLE
   CODE SIZE        =    112    ----
   CONSTANT SIZE    =   ----    ----
   XDATA SIZE       =   ----    ----
   PDATA SIZE       =   ----    ----
   DATA SIZE        =   ----    ----
   IDATA SIZE       =   ----    ----
   BIT SIZE         =   ----    ----
C51 COMPILER V9.52.0.0   PWM                                                               05/17/2017 21:50:29 PAGE 2   

END OF MODULE INFORMATION.


C51 COMPILATION COMPLETE.  0 WARNING(S),  0 ERROR(S)
