C51 COMPILER V9.52.0.0   SER_PRINTF                                                        05/17/2017 21:50:29 PAGE 1   


C51 COMPILER V9.52.0.0, COMPILATION OF MODULE SER_PRINTF
OBJECT MODULE PLACED IN ser_printf.OBJ
COMPILER INVOKED BY: D:\Keil\C51\BIN\C51.EXE ser_printf.c LARGE BROWSE INCDIR(..\Wind Swing) DEBUG OBJECTEXTEND TABS(2)

line level    source

   1          #include "ser_printf.h"
   2          #include "m6050.h"
   3          #include "pid.h"
   4          #include "math.h"
   5          #include <stdio.h>
   6          void ser_printf_init()  //T1 1T 115200bps
   7          {
   8   1        P3M0&=0XFC;
   9   1        P3M1&=0XFC;
  10   1        AUXR1&=0X3F;    //P3.0 RXD    P3.1 TXD
  11   1          
  12   1        SCON=0X52;      //SM0=0 SM1=1->T1 variable REN=1 TI=1
  13   1        AUXR|=0x40;     //T1   1T
  14   1        AUXR&=0xFE;     //设定T1为波特率发生器
  15   1        TMOD&=0x0F;     //16bit auto reload
  16   1        TL1=0xE8;       //设置定时器初值
  17   1        TH1=0xFF;       //设置定时器初值
  18   1        TR1=1;
  19   1      }
  20          
  21          //void print_m6050data()
  22          //{
  23          //  printf("%d,%d,%d\n",m6050_getvalue(SlaveAddress,ACCEL_XOUT_H),m6050_getvalue(SlaveAddress,ACCEL_YOUT_H)
             -,m6050_getvalue(SlaveAddress,ACCEL_ZOUT_H));
  24          //}
  25          void print_x(m6050_structdef *m6050_structure,mathmod_structdef *mathmod_structure)
  26          {
  27   1        printf("%f,%f,",m6050_structure->angle_x,mathmod_structure->angle_x);
  28   1      }
  29          void print_y(m6050_structdef *m6050_structure,mathmod_structdef *mathmod_structure)
  30          {
  31   1        printf("%f,%f\n",m6050_structure->angle_y,mathmod_structure->angle_y);
  32   1      }
  33          //void print_zerodrift(m6050_zerodriftdef *m6050_zerodrift)
  34          //{
  35          //  printf("%d,%d,%d,",m6050_zerodrift->ax,m6050_zerodrift->ay,m6050_zerodrift->az);
  36          //}
  37          //void print_pid(pid_structdef *pid_structure)                        //检查pid输出值
  38          //{
  39          //  printf("%f,%f\n",pid_structure->x_output,pid_structure->y_output);
  40          //}
  41          //void print_axyz(m6050_structdef *m6050_structure)                   //验证加速度去除零点漂移效果
  42          //{
  43          //  printf("%d,%d,%d\n",m6050_structure->ax,m6050_structure->ay,m6050_structure->az);
  44          //}
  45          //void print_gxy(m6050_structdef *m6050_structure)                    //验证角速度计去除零点漂移效果
  46          //{
  47          //  printf("%d,%d\n",m6050_structure->gx,m6050_structure->gy);
  48          //}


MODULE INFORMATION:   STATIC OVERLAYABLE
   CODE SIZE        =    162    ----
   CONSTANT SIZE    =     14    ----
   XDATA SIZE       =   ----      12
C51 COMPILER V9.52.0.0   SER_PRINTF                                                        05/17/2017 21:50:29 PAGE 2   

   PDATA SIZE       =   ----    ----
   DATA SIZE        =   ----    ----
   IDATA SIZE       =   ----    ----
   BIT SIZE         =   ----    ----
END OF MODULE INFORMATION.


C51 COMPILATION COMPLETE.  0 WARNING(S),  0 ERROR(S)
