C51 COMPILER V9.52.0.0   TIMER0                                                            05/17/2017 21:50:29 PAGE 1   


C51 COMPILER V9.52.0.0, COMPILATION OF MODULE TIMER0
OBJECT MODULE PLACED IN timer0.OBJ
COMPILER INVOKED BY: D:\Keil\C51\BIN\C51.EXE timer0.c LARGE BROWSE INCDIR(..\Wind Swing) DEBUG OBJECTEXTEND TABS(2)

line level    source

   1          #include "STC15Fxxxx.h"
   2          
   3          void Timer0Init(void)   //12毫秒@11.0592MHz
   4          {
   5   1        AUXR&=0x7F;   //T0时钟12T模式
   6   1        TMOD&=0xF0;   //设置定时器模式
   7   1        TMOD|=0x01;   //设置定时器模式
   8   1        TL0=0xCD;     //设置定时初值
   9   1        TH0=0xD4;     //设置定时初值
  10   1        TF0=0;        //清除TF0标志
  11   1        ET0=1;        //T0定时器中断使能
  12   1        EA=1;         //全体中断使能
  13   1        TR0=1;        //定时器0开始计时
  14   1      }


MODULE INFORMATION:   STATIC OVERLAYABLE
   CODE SIZE        =     24    ----
   CONSTANT SIZE    =   ----    ----
   XDATA SIZE       =   ----    ----
   PDATA SIZE       =   ----    ----
   DATA SIZE        =   ----    ----
   IDATA SIZE       =   ----    ----
   BIT SIZE         =   ----    ----
END OF MODULE INFORMATION.


C51 COMPILATION COMPLETE.  0 WARNING(S),  0 ERROR(S)
